0 info it worked if it ends with ok
1 verbose cli [ 'c:\\Program Files (x86)\\nodejs\\node.exe',
1 verbose cli   'c:\\Program Files (x86)\\nodejs\\node_modules\\npm\\bin\\npm-cli.js',
1 verbose cli   'install' ]
2 info using npm@2.5.1
3 info using node@v0.12.0
4 error install Couldn't read dependencies
5 verbose stack Error: ENOENT, open 'c:\Users\Darrel-Day\Desktop\pager\package.json'
5 verbose stack     at Error (native)
6 verbose cwd c:\Users\Darrel-Day\Desktop\pager
7 error Windows_NT 6.3.9600
8 error argv "c:\\Program Files (x86)\\nodejs\\node.exe" "c:\\Program Files (x86)\\nodejs\\node_modules\\npm\\bin\\npm-cli.js" "install"
9 error node v0.12.0
10 error npm  v2.5.1
11 error path c:\Users\Darrel-Day\Desktop\pager\package.json
12 error code ENOPACKAGEJSON
13 error errno -4058
14 error package.json ENOENT, open 'c:\Users\Darrel-Day\Desktop\pager\package.json'
14 error package.json This is most likely not a problem with npm itself.
14 error package.json npm can't find a package.json file in your current directory.
15 verbose exit [ -4058, true ]
